<?xml version="1.0" encoding="utf-8"?><testsuites name="pytest tests"><testsuite name="pytest" errors="0" failures="0" skipped="0" tests="378" time="143.929" timestamp="2026-07-23T23:48:34.525297-05:00" hostname="LAPTOP-8I9JI0B8"><testcase classname="evaluation.tests.test_external_validity" name="test_combines_18_34_target_using_population_weights" time="0.003" /><testcase classname="evaluation.tests.test_external_validity" name="test_household_snapshot_maps_mutually_exclusive_b11001_bins" time="0.014" /><testcase classname="evaluation.tests.test_external_validity" name="test_relative_deviation_verdict_uses_absolute_magnitude" time="0.001" /><testcase classname="evaluation.tests.test_geco_adapter" name="test_pinned_archive_and_small_generation" time="1.252" /><testcase classname="evaluation.tests.test_geco_adapter" name="test_geco_generation_is_deterministic" time="1.216" /><testcase classname="evaluation.tests.test_metrics" name="test_pair_metrics_counts_true_pairs_missing_from_candidates_as_false_negatives" time="0.001" /><testcase classname="evaluation.tests.test_metrics" name="test_oracle_tie_breaks_by_precision_then_threshold" time="0.003" /><testcase classname="evaluation.tests.test_metrics" name="test_b3_includes_singletons_and_transitive_closure" time="0.001" /><testcase classname="evaluation.tests.test_metrics" name="test_linear_b3_matches_full_cluster_metrics" time="0.001" /><testcase classname="phase2.tests.test_phase2_all_scenarios_smoke" name="test_smoke_single_movers" time="9.392" /><testcase classname="phase2.tests.test_phase2_all_scenarios_smoke" name="test_smoke_clean_baseline_linkage" time="0.438" /><testcase classname="phase2.tests.test_phase2_all_scenarios_smoke" name="test_smoke_couple_merge" time="8.581" /><testcase classname="phase2.tests.test_phase2_all_scenarios_smoke" name="test_smoke_family_birth" time="7.655" /><testcase classname="phase2.tests.test_phase2_all_scenarios_smoke" name="test_smoke_divorce_custody" time="0.441" /><testcase classname="phase2.tests.test_phase2_all_scenarios_smoke" name="test_smoke_roommates_split" time="0.493" /><testcase classname="phase2.tests.test_phase2_all_scenarios_smoke" name="test_smoke_high_noise_identity_drift" time="0.506" /><testcase classname="phase2.tests.test_phase2_all_scenarios_smoke" name="test_smoke_low_overlap_sparse_coverage" time="0.426" /><testcase classname="phase2.tests.test_phase2_all_scenarios_smoke" name="test_smoke_asymmetric_source_coverage" time="0.436" /><testcase classname="phase2.tests.test_phase2_all_scenarios_smoke" name="test_smoke_high_duplication_dedup" time="0.406" /><testcase classname="phase2.tests.test_phase2_all_scenarios_smoke" name="test_smoke_three_source_partial_overlap" time="0.479" /><testcase classname="phase2.tests.test_phase2_all_scenarios_smoke" name="test_smoke_name_change_lifecycle" time="0.459" /><testcase classname="phase2.tests.test_phase2_all_scenarios_smoke" name="test_smoke_death_survivor_persistence" time="0.382" /><testcase classname="phase2.tests.test_phase2_all_scenarios_smoke" name="test_smoke_adoption_blended_family" time="0.998" /><testcase classname="phase2.tests.test_phase2_constraints" name="test_parse_constraints_defaults" time="0.000" /><testcase classname="phase2.tests.test_phase2_constraints" name="test_underage_cohabit_violation_when_disallowed" time="0.003" /><testcase classname="phase2.tests.test_phase2_constraints" name="test_underage_cohabit_allowed_with_switch" time="0.003" /><testcase classname="phase2.tests.test_phase2_constraints" name="test_birth_outside_fertility_range_violation" time="0.003" /><testcase classname="phase2.tests.test_phase2_constraints" name="test_overlapping_residence_interval_violation" time="0.005" /><testcase classname="phase2.tests.test_phase2_constraints_extended" name="test_parse_constraints_custom_fertility_range" time="0.001" /><testcase classname="phase2.tests.test_phase2_constraints_extended" name="test_parse_constraints_partner_gap_distribution" time="0.000" /><testcase classname="phase2.tests.test_phase2_constraints_extended" name="test_parse_constraints_rejects_empty_gap_distribution" time="0.001" /><testcase classname="phase2.tests.test_phase2_constraints_extended" name="test_parse_constraints_rejects_zero_weight_gap_distribution" time="0.001" /><testcase classname="phase2.tests.test_phase2_constraints_extended" name="test_parse_constraints_rejects_negative_gap_key" time="0.000" /><testcase classname="phase2.tests.test_phase2_constraints_extended" name="test_config_rejects_marriage_age_negative" time="0.001" /><testcase classname="phase2.tests.test_phase2_constraints_extended" name="test_config_rejects_marriage_age_above_120" time="0.001" /><testcase classname="phase2.tests.test_phase2_constraints_extended" name="test_config_rejects_fertility_min_above_max" time="0.001" /><testcase classname="phase2.tests.test_phase2_constraints_extended" name="test_config_rejects_negative_partner_gap" time="0.001" /><testcase classname="phase2.tests.test_phase2_constraints_extended" name="test_partner_age_gap_violation" time="0.003" /><testcase classname="phase2.tests.test_phase2_constraints_extended" name="test_partner_age_gap_within_limit_passes" time="0.003" /><testcase classname="phase2.tests.test_phase2_constraints_extended" name="test_partner_gap_distribution_uses_max_key" time="0.003" /><testcase classname="phase2.tests.test_phase2_constraints_extended" name="test_child_leaves_home_underage_violation" time="0.003" /><testcase classname="phase2.tests.test_phase2_constraints_extended" name="test_child_leaves_home_underage_allowed" time="0.003" /><testcase classname="phase2.tests.test_phase2_constraints_extended" name="test_adult_leaves_home_no_violation" time="0.003" /><testcase classname="phase2.tests.test_phase2_constraints_extended" name="test_residence_end_before_start_violation" time="0.004" /><testcase classname="phase2.tests.test_phase2_constraints_extended" name="test_non_overlapping_residence_passes" time="0.005" /><testcase classname="phase2.tests.test_phase2_constraints_extended" name="test_divorce_also_checks_marriage_age" time="0.003" /><testcase classname="phase2.tests.test_phase2_constraints_extended" name="test_empty_events_produces_valid_result" time="0.003" /><testcase classname="phase2.tests.test_phase2_emission" name="test_parse_emission_config_defaults" time="0.001" /><testcase classname="phase2.tests.test_phase2_emission" name="test_parse_emission_config_supports_single_dataset_schema" time="0.000" /><testcase classname="phase2.tests.test_phase2_emission" name="test_parse_emission_config_rejects_single_dataset_mode_with_two_datasets" time="0.001" /><testcase classname="phase2.tests.test_phase2_emission" name="test_parse_emission_config_rejects_pairwise_mode_with_one_dataset" time="0.001" /><testcase classname="phase2.tests.test_phase2_emission" name="test_parse_emission_config_rejects_duplicate_dataset_ids" time="0.001" /><testcase classname="phase2.tests.test_phase2_emission" name="test_parse_emission_config_supports_multi_dataset_schema" time="0.001" /><testcase classname="phase2.tests.test_phase2_emission" name="test_parse_emission_config_supports_record_count_controls" time="0.001" /><testcase classname="phase2.tests.test_phase2_emission" name="test_parse_emission_config_rejects_invalid_record_count" time="0.001" /><testcase classname="phase2.tests.test_phase2_emission" name="test_parse_emission_config_rejects_invalid_dataset_snapshot" time="0.001" /><testcase classname="phase2.tests.test_phase2_emission" name="test_emit_observed_datasets_one_to_many_generates_crosswalk" time="0.060" /><testcase classname="phase2.tests.test_phase2_emission" name="test_emit_observed_datasets_single_dataset_mode_omits_pairwise_crosswalk" time="0.064" /><testcase classname="phase2.tests.test_phase2_emission" name="test_emit_observed_datasets_multi_dataset_mode_omits_pairwise_crosswalk" time="0.065" /><testcase classname="phase2.tests.test_phase2_emission" name="test_emit_observed_datasets_expands_full_address_columns" time="0.055" /><testcase classname="phase2.tests.test_phase2_emission" name="test_emit_observed_datasets_synthesizes_address_details_for_unknown_keys" time="0.038" /><testcase classname="phase2.tests.test_phase2_emission_extended" name="test_high_name_typo_rate_produces_some_typos" time="0.149" /><testcase classname="phase2.tests.test_phase2_emission_extended" name="test_high_middle_name_missing_rate" time="0.157" /><testcase classname="phase2.tests.test_phase2_emission_extended" name="test_ssn_mask_produces_partial_masking" time="0.155" /><testcase classname="phase2.tests.test_phase2_emission_extended" name="test_zero_noise_produces_clean_output" time="0.083" /><testcase classname="phase2.tests.test_phase2_emission_extended" name="test_duplication_increases_record_count" time="0.083" /><testcase classname="phase2.tests.test_phase2_emission_extended" name="test_entity_record_map_covers_all_records" time="0.109" /><testcase classname="phase2.tests.test_phase2_emission_extended" name="test_legacy_record_count_controls_exact_dataset_rows" time="0.085" /><testcase classname="phase2.tests.test_phase2_emission_extended" name="test_canonical_record_count_controls_exact_dataset_rows" time="0.076" /><testcase classname="phase2.tests.test_phase2_emission_extended" name="test_master_dataset_dedupes_exact_same_source_payloads" time="0.041" /><testcase classname="phase2.tests.test_phase2_emission_extended" name="test_cohabit_name_change_is_reflected_in_end_snapshot_and_timeline" time="0.060" /><testcase classname="phase2.tests.test_phase2_emission_extended" name="test_lifecycle_name_events_are_reflected_in_snapshots_and_timeline" time="0.061" /><testcase classname="phase2.tests.test_phase2_emission_extended" name="test_low_overlap_produces_fewer_overlap_entities" time="0.105" /><testcase classname="phase2.tests.test_phase2_emission_extended" name="test_appearance_pct_limits_dataset_size" time="0.131" /><testcase classname="phase2.tests.test_phase2_emission_extended" name="test_record_keys_are_unique_within_dataset" time="0.106" /><testcase classname="phase2.tests.test_phase2_emission_extended" name="test_emission_is_deterministic" time="0.209" /><testcase classname="phase2.tests.test_phase2_emission_extended" name="test_parse_emission_config_rejects_invalid_match_mode" time="0.001" /><testcase classname="phase2.tests.test_phase2_emission_extended" name="test_dataset_id_with_special_chars_rejected" time="0.001" /><testcase classname="phase2.tests.test_phase2_emission_extended" name="test_filename_without_csv_extension_rejected" time="0.001" /><testcase classname="phase2.tests.test_phase2_event_grammar" name="test_truth_events_grammar_accepts_valid_move" time="0.001" /><testcase classname="phase2.tests.test_phase2_event_grammar" name="test_truth_events_grammar_rejects_move_without_subject" time="0.001" /><testcase classname="phase2.tests.test_phase2_event_grammar" name="test_truth_events_grammar_accepts_valid_death" time="0.001" /><testcase classname="phase2.tests.test_phase2_event_grammar" name="test_truth_event_grammar_descriptor_includes_minimum_vocabulary" time="0.000" /><testcase classname="phase2.tests.test_phase2_event_grammar_extended" name="test_valid_cohabit_event" time="0.001" /><testcase classname="phase2.tests.test_phase2_event_grammar_extended" name="test_cohabit_missing_person_key_b" time="0.001" /><testcase classname="phase2.tests.test_phase2_event_grammar_extended" name="test_cohabit_same_person_a_and_b" time="0.001" /><testcase classname="phase2.tests.test_phase2_event_grammar_extended" name="test_cohabit_invalid_mode" time="0.001" /><testcase classname="phase2.tests.test_phase2_event_grammar_extended" name="test_cohabit_all_modes_accepted" time="0.002" /><testcase classname="phase2.tests.test_phase2_event_grammar_extended" name="test_cohabit_missing_household_key" time="0.001" /><testcase classname="phase2.tests.test_phase2_event_grammar_extended" name="test_valid_birth_event" time="0.001" /><testcase classname="phase2.tests.test_phase2_event_grammar_extended" name="test_birth_with_two_parents" time="0.001" /><testcase classname="phase2.tests.test_phase2_event_grammar_extended" name="test_birth_missing_parent" time="0.001" /><testcase classname="phase2.tests.test_phase2_event_grammar_extended" name="test_birth_missing_child" time="0.001" /><testcase classname="phase2.tests.test_phase2_event_grammar_extended" name="test_birth_parent_equals_child" time="0.001" /><testcase classname="phase2.tests.test_phase2_event_grammar_extended" name="test_birth_same_parents" time="0.001" /><testcase classname="phase2.tests.test_phase2_event_grammar_extended" name="test_valid_divorce_event" time="0.001" /><testcase classname="phase2.tests.test_phase2_event_grammar_extended" name="test_divorce_all_custody_modes_accepted" time="0.002" /><testcase classname="phase2.tests.test_phase2_event_grammar_extended" name="test_divorce_invalid_custody_mode" time="0.001" /><testcase classname="phase2.tests.test_phase2_event_grammar_extended" name="test_divorce_same_person" time="0.001" /><testcase classname="phase2.tests.test_phase2_event_grammar_extended" name="test_divorce_missing_custody_mode" time="0.001" /><testcase classname="phase2.tests.test_phase2_event_grammar_extended" name="test_valid_leave_home_event" time="0.001" /><testcase classname="phase2.tests.test_phase2_event_grammar_extended" name="test_leave_home_missing_child" time="0.001" /><testcase classname="phase2.tests.test_phase2_event_grammar_extended" name="test_valid_death_event" time="0.001" /><testcase classname="phase2.tests.test_phase2_event_grammar_extended" name="test_death_missing_subject" time="0.001" /><testcase classname="phase2.tests.test_phase2_event_grammar_extended" name="test_valid_name_change_event" time="0.001" /><testcase classname="phase2.tests.test_phase2_event_grammar_extended" name="test_name_change_rejects_unchanged_full_name" time="0.001" /><testcase classname="phase2.tests.test_phase2_event_grammar_extended" name="test_name_change_requires_reason" time="0.001" /><testcase classname="phase2.tests.test_phase2_event_grammar_extended" name="test_valid_adoption_event" time="0.001" /><testcase classname="phase2.tests.test_phase2_event_grammar_extended" name="test_adoption_rejects_child_as_adoptive_parent" time="0.001" /><testcase classname="phase2.tests.test_phase2_event_grammar_extended" name="test_adoption_requires_new_household" time="0.001" /><testcase classname="phase2.tests.test_phase2_event_grammar_extended" name="test_move_same_from_and_to_rejected" time="0.001" /><testcase classname="phase2.tests.test_phase2_event_grammar_extended" name="test_move_with_household_subject" time="0.001" /><testcase classname="phase2.tests.test_phase2_event_grammar_extended" name="test_move_missing_from_address" time="0.001" /><testcase classname="phase2.tests.test_phase2_event_grammar_extended" name="test_move_missing_to_address" time="0.001" /><testcase classname="phase2.tests.test_phase2_event_grammar_extended" name="test_missing_event_key_flagged" time="0.001" /><testcase classname="phase2.tests.test_phase2_event_grammar_extended" name="test_missing_event_date_flagged" time="0.002" /><testcase classname="phase2.tests.test_phase2_event_grammar_extended" name="test_unsupported_event_type" time="0.002" /><testcase classname="phase2.tests.test_phase2_event_grammar_extended" name="test_missing_required_columns_returns_missing_list" time="0.001" /><testcase classname="phase2.tests.test_phase2_event_grammar_extended" name="test_multiple_events_in_one_dataframe" time="0.003" /><testcase classname="phase2.tests.test_phase2_event_grammar_extended" name="test_case_insensitive_event_type" time="0.002" /><testcase classname="phase2.tests.test_phase2_event_grammar_extended" name="test_empty_dataframe_is_valid" time="0.002" /><testcase classname="phase2.tests.test_phase2_observed_cli" name="test_generate_phase2_observed_cli_supports_single_dataset_mode" time="1.699" /><testcase classname="phase2.tests.test_phase2_observed_cli" name="test_generate_phase2_observed_cli_supports_pairwise_dataset_list_mode" time="1.797" /><testcase classname="phase2.tests.test_phase2_observed_cli" name="test_generate_phase2_observed_cli_supports_multi_dataset_mode" time="1.730" /><testcase classname="phase2.tests.test_phase2_observed_cli" name="test_validate_phase2_run_requires_crosswalk_for_pairwise_dataset_list" time="1.853" /><testcase classname="phase2.tests.test_phase2_output_contract" name="test_phase2_output_contract_valid_minimal_run" time="0.068" /><testcase classname="phase2.tests.test_phase2_output_contract" name="test_validate_phase2_outputs_cli_accepts_absolute_run_path" time="0.723" /><testcase classname="phase2.tests.test_phase2_output_contract" name="test_phase2_output_contract_crosswalk_accepts_entity_key_alias" time="0.072" /><testcase classname="phase2.tests.test_phase2_output_contract" name="test_phase2_output_contract_validates_manifest_pairwise_crosswalks_for_multi_dataset_run" time="0.085" /><testcase classname="phase2.tests.test_phase2_output_contract" name="test_phase2_output_contract_detects_missing_manifest_pairwise_crosswalk_file" time="0.091" /><testcase classname="phase2.tests.test_phase2_output_contract" name="test_phase2_output_contract_detects_missing_required_columns" time="0.085" /><testcase classname="phase2.tests.test_phase2_output_contract" name="test_phase2_output_contract_detects_seed_mismatch" time="0.088" /><testcase classname="phase2.tests.test_phase2_output_contract" name="test_phase2_output_contract_detects_empty_manifest_phase1_fields" time="0.066" /><testcase classname="phase2.tests.test_phase2_output_contract" name="test_phase2_output_contract_detects_invalid_selection_log_counts_shape" time="0.060" /><testcase classname="phase2.tests.test_phase2_output_contract" name="test_phase2_output_contract_detects_invalid_event_grammar" time="0.061" /><testcase classname="phase2.tests.test_phase2_output_contract" name="test_phase2_output_contract_detects_constraints_violations" time="0.075" /><testcase classname="phase2.tests.test_phase2_params" name="test_phase2_params_loads_required_tables" time="0.009" /><testcase classname="phase2.tests.test_phase2_params" name="test_household_core_shares_sum_to_100_pct" time="0.009" /><testcase classname="phase2.tests.test_phase2_params" name="test_priors_snapshot_contains_mutually_exclusive_household_bins" time="0.008" /><testcase classname="phase2.tests.test_phase2_params" name="test_mobility_components_match_overall_rate" time="0.009" /><testcase classname="phase2.tests.test_phase2_pipeline_errors" name="test_pipeline_raises_on_missing_scenario_yaml" time="0.004" /><testcase classname="phase2.tests.test_phase2_pipeline_errors" name="test_pipeline_raises_on_missing_phase1_csv" time="0.023" /><testcase classname="phase2.tests.test_phase2_pipeline_errors" name="test_pipeline_raises_if_run_exists_and_no_overwrite" time="0.264" /><testcase classname="phase2.tests.test_phase2_pipeline_errors" name="test_pipeline_minimal_run_succeeds" time="0.228" /><testcase classname="phase2.tests.test_phase2_pipeline_integration" name="test_run_scenario_pipeline_single_dataset_end_to_end" time="0.330" /><testcase classname="phase2.tests.test_phase2_pipeline_integration" name="test_run_scenario_pipeline_pairwise_dataset_list_end_to_end" time="0.359" /><testcase classname="phase2.tests.test_phase2_pipeline_integration" name="test_run_scenario_pipeline_multi_dataset_end_to_end" time="0.432" /><testcase classname="phase2.tests.test_phase2_pipeline_integration" name="test_run_scenario_pipeline_is_reproducible_for_same_seed" time="0.608" /><testcase classname="phase2.tests.test_phase2_pipeline_integration" name="test_run_scenario_pipeline_medium_scale_smoke" time="1.496" /><testcase classname="phase2.tests.test_phase2_pipeline_integration" name="test_run_scenario_pipeline_multi_dataset_scale_smoke" time="2.986" /><testcase classname="phase2.tests.test_phase2_quality" name="test_parse_quality_config_defaults" time="0.001" /><testcase classname="phase2.tests.test_phase2_quality" name="test_phase2_quality_report_includes_er_metrics" time="0.025" /><testcase classname="phase2.tests.test_phase2_quality_extended" name="test_parse_quality_config_custom_range" time="0.001" /><testcase classname="phase2.tests.test_phase2_quality_extended" name="test_parse_quality_config_rejects_min_zero" time="0.001" /><testcase classname="phase2.tests.test_phase2_quality_extended" name="test_parse_quality_config_rejects_max_below_min" time="0.001" /><testcase classname="phase2.tests.test_phase2_quality_extended" name="test_parse_quality_config_none_input" time="0.000" /><testcase classname="phase2.tests.test_phase2_quality_extended" name="test_quality_report_empty_events_returns_zero_event_counts" time="0.011" /><testcase classname="phase2.tests.test_phase2_quality_extended" name="test_quality_report_move_events_counted" time="0.011" /><testcase classname="phase2.tests.test_phase2_quality_extended" name="test_quality_report_lifecycle_events_counted" time="0.014" /><testcase classname="phase2.tests.test_phase2_quality_extended" name="test_quality_report_household_size_violation_detected" time="0.018" /><testcase classname="phase2.tests.test_phase2_quality_extended" name="test_quality_report_no_overlap_errors_with_clean_residence" time="0.019" /><testcase classname="phase2.tests.test_phase2_quality_extended" name="test_quality_report_moves_per_person_distribution" time="0.016" /><testcase classname="phase2.tests.test_phase2_quality_extended" name="test_quality_report_household_type_shares" time="0.016" /><testcase classname="phase2.tests.test_phase2_quality_extended" name="test_quality_report_er_metrics_not_available_without_observed_data" time="0.014" /><testcase classname="phase2.tests.test_phase2_quality_extended" name="test_quality_report_er_metrics_with_single_dataset" time="0.020" /><testcase classname="phase2.tests.test_phase2_quality_extended" name="test_quality_report_er_metrics_with_pairwise_crosswalk" time="0.022" /><testcase classname="phase2.tests.test_phase2_quality_extended" name="test_quality_report_event_age_violation_in_report" time="0.012" /><testcase classname="phase2.tests.test_phase2_resilience" name="test_emit_observed_datasets_is_deterministic_for_same_seed" time="0.125" /><testcase classname="phase2.tests.test_phase2_resilience" name="test_emit_observed_datasets_changes_when_seed_changes" time="0.146" /><testcase classname="phase2.tests.test_phase2_resilience" name="test_quality_report_supports_single_dataset_topology" time="0.067" /><testcase classname="phase2.tests.test_phase2_resilience" name="test_quality_report_supports_pairwise_custom_dataset_ids" time="0.073" /><testcase classname="phase2.tests.test_phase2_resilience" name="test_quality_report_supports_multi_dataset_topology" time="0.124" /><testcase classname="phase2.tests.test_phase2_resilience" name="test_emit_observed_datasets_scale_smoke_single_dataset" time="2.130" /><testcase classname="phase2.tests.test_phase2_run_readme" name="test_build_run_readme_text_includes_core_facts" time="0.007" /><testcase classname="phase2.tests.test_phase2_run_readme" name="test_write_run_readme_creates_file" time="0.009" /><testcase classname="phase2.tests.test_phase2_run_readme" name="test_build_run_readme_text_is_robust_to_missing_metadata" time="0.004" /><testcase classname="phase2.tests.test_phase2_scenario_catalog" name="test_scenario_catalog_entries_have_unique_ids" time="0.023" /><testcase classname="phase2.tests.test_phase2_scenario_catalog" name="test_all_canonical_yaml_entries_exist_on_disk" time="0.001" /><testcase classname="phase2.tests.test_phase2_scenario_catalog" name="test_canonical_catalog_metadata_matches_yaml_contract" time="0.069" /><testcase classname="phase2.tests.test_phase2_scenario_catalog" name="test_all_shipped_scenario_yamls_are_listed_in_catalog" time="0.001" /><testcase classname="phase2.tests.test_phase2_scenario_catalog" name="test_supported_parameterized_topologies_are_listed" time="0.001" /><testcase classname="phase2.tests.test_phase2_scenario_catalog" name="test_new_canonical_templates_are_marked_supported" time="0.001" /><testcase classname="phase2.tests.test_phase2_scenario_regression" name="test_single_movers_produces_moves" time="84.149" /><testcase classname="phase2.tests.test_phase2_scenario_regression" name="test_clean_baseline_linkage_stays_low_noise_one_to_one" time="0.007" /><testcase classname="phase2.tests.test_phase2_scenario_regression" name="test_couple_merge_produces_cohabit_and_shared_residence" time="0.066" /><testcase classname="phase2.tests.test_phase2_scenario_regression" name="test_couple_merge_exposes_one_to_many_crosswalk_behavior" time="0.011" /><testcase classname="phase2.tests.test_phase2_scenario_regression" name="test_family_birth_produces_birth_events" time="0.003" /><testcase classname="phase2.tests.test_phase2_scenario_regression" name="test_family_birth_exposes_many_to_one_crosswalk_behavior" time="0.009" /><testcase classname="phase2.tests.test_phase2_scenario_regression" name="test_divorce_custody_produces_divorce_and_split_households" time="0.002" /><testcase classname="phase2.tests.test_phase2_scenario_regression" name="test_divorce_custody_exposes_many_to_many_crosswalk_behavior" time="0.008" /><testcase classname="phase2.tests.test_phase2_scenario_regression" name="test_one_to_many_mode_yields_multi_b_records" time="0.003" /><testcase classname="phase2.tests.test_phase2_scenario_regression" name="test_roommates_split_has_household_with_three_or_more_members" time="1.784" /><testcase classname="phase2.tests.test_phase2_scenario_regression" name="test_roommates_split_contains_split_household_pattern" time="0.024" /><testcase classname="phase2.tests.test_phase2_scenario_regression" name="test_crosswalk_overlap_matches_claimed_overlap_pct" time="0.018" /><testcase classname="phase2.tests.test_phase2_scenario_regression" name="test_high_noise_identity_drift_realizes_biased_noise_in_dataset_b" time="0.008" /><testcase classname="phase2.tests.test_phase2_scenario_regression" name="test_low_overlap_sparse_coverage_realizes_large_unmatched_populations" time="0.008" /><testcase classname="phase2.tests.test_phase2_scenario_regression" name="test_asymmetric_source_coverage_realizes_source_imbalance" time="0.003" /><testcase classname="phase2.tests.test_phase2_scenario_regression" name="test_high_duplication_dedup_is_single_dataset_with_large_duplicate_pressure" time="0.002" /><testcase classname="phase2.tests.test_phase2_scenario_regression" name="test_three_source_partial_overlap_emits_n_way_pairwise_artifacts" time="0.002" /><testcase classname="phase2.tests.test_phase2_scenario_regression" name="test_name_change_lifecycle_replays_new_names_in_observed_snapshot" time="0.011" /><testcase classname="phase2.tests.test_phase2_scenario_regression" name="test_death_survivor_persistence_closes_intervals_and_keeps_observed_record" time="0.010" /><testcase classname="phase2.tests.test_phase2_scenario_regression" name="test_adoption_blended_family_moves_child_and_replays_adoptive_surname" time="0.013" /><testcase classname="phase2.tests.test_phase2_scenario_yaml_validation" name="test_scenario_yaml_exists_and_parses[single_movers]" time="0.009" /><testcase classname="phase2.tests.test_phase2_scenario_yaml_validation" name="test_scenario_yaml_exists_and_parses[clean_baseline_linkage]" time="0.008" /><testcase classname="phase2.tests.test_phase2_scenario_yaml_validation" name="test_scenario_yaml_exists_and_parses[couple_merge]" time="0.008" /><testcase classname="phase2.tests.test_phase2_scenario_yaml_validation" name="test_scenario_yaml_exists_and_parses[family_birth]" time="0.009" /><testcase classname="phase2.tests.test_phase2_scenario_yaml_validation" name="test_scenario_yaml_exists_and_parses[divorce_custody]" time="0.008" /><testcase classname="phase2.tests.test_phase2_scenario_yaml_validation" name="test_scenario_yaml_exists_and_parses[roommates_split]" time="0.008" /><testcase classname="phase2.tests.test_phase2_scenario_yaml_validation" name="test_scenario_yaml_exists_and_parses[high_noise_identity_drift]" time="0.008" /><testcase classname="phase2.tests.test_phase2_scenario_yaml_validation" name="test_scenario_yaml_exists_and_parses[low_overlap_sparse_coverage]" time="0.005" /><testcase classname="phase2.tests.test_phase2_scenario_yaml_validation" name="test_scenario_yaml_exists_and_parses[asymmetric_source_coverage]" time="0.010" /><testcase classname="phase2.tests.test_phase2_scenario_yaml_validation" name="test_scenario_yaml_exists_and_parses[high_duplication_dedup]" time="0.006" /><testcase classname="phase2.tests.test_phase2_scenario_yaml_validation" name="test_scenario_yaml_exists_and_parses[three_source_partial_overlap]" time="0.008" /><testcase classname="phase2.tests.test_phase2_scenario_yaml_validation" name="test_scenario_yaml_exists_and_parses[name_change_lifecycle]" time="0.007" /><testcase classname="phase2.tests.test_phase2_scenario_yaml_validation" name="test_scenario_yaml_exists_and_parses[death_survivor_persistence]" time="0.007" /><testcase classname="phase2.tests.test_phase2_scenario_yaml_validation" name="test_scenario_yaml_exists_and_parses[adoption_blended_family]" time="0.007" /><testcase classname="phase2.tests.test_phase2_scenario_yaml_validation" name="test_scenario_has_simulation_section[single_movers]" time="0.009" /><testcase classname="phase2.tests.test_phase2_scenario_yaml_validation" name="test_scenario_has_simulation_section[clean_baseline_linkage]" time="0.008" /><testcase classname="phase2.tests.test_phase2_scenario_yaml_validation" name="test_scenario_has_simulation_section[couple_merge]" time="0.009" /><testcase classname="phase2.tests.test_phase2_scenario_yaml_validation" name="test_scenario_has_simulation_section[family_birth]" time="0.011" /><testcase classname="phase2.tests.test_phase2_scenario_yaml_validation" name="test_scenario_has_simulation_section[divorce_custody]" time="0.007" /><testcase classname="phase2.tests.test_phase2_scenario_yaml_validation" name="test_scenario_has_simulation_section[roommates_split]" time="0.008" /><testcase classname="phase2.tests.test_phase2_scenario_yaml_validation" name="test_scenario_has_simulation_section[high_noise_identity_drift]" time="0.008" /><testcase classname="phase2.tests.test_phase2_scenario_yaml_validation" name="test_scenario_has_simulation_section[low_overlap_sparse_coverage]" time="0.006" /><testcase classname="phase2.tests.test_phase2_scenario_yaml_validation" name="test_scenario_has_simulation_section[asymmetric_source_coverage]" time="0.006" /><testcase classname="phase2.tests.test_phase2_scenario_yaml_validation" name="test_scenario_has_simulation_section[high_duplication_dedup]" time="0.006" /><testcase classname="phase2.tests.test_phase2_scenario_yaml_validation" name="test_scenario_has_simulation_section[three_source_partial_overlap]" time="0.007" /><testcase classname="phase2.tests.test_phase2_scenario_yaml_validation" name="test_scenario_has_simulation_section[name_change_lifecycle]" time="0.008" /><testcase classname="phase2.tests.test_phase2_scenario_yaml_validation" name="test_scenario_has_simulation_section[death_survivor_persistence]" time="0.007" /><testcase classname="phase2.tests.test_phase2_scenario_yaml_validation" name="test_scenario_has_simulation_section[adoption_blended_family]" time="0.007" /><testcase classname="phase2.tests.test_phase2_scenario_yaml_validation" name="test_scenario_has_valid_emission[single_movers]" time="0.007" /><testcase classname="phase2.tests.test_phase2_scenario_yaml_validation" name="test_scenario_has_valid_emission[clean_baseline_linkage]" time="0.008" /><testcase classname="phase2.tests.test_phase2_scenario_yaml_validation" name="test_scenario_has_valid_emission[couple_merge]" time="0.009" /><testcase classname="phase2.tests.test_phase2_scenario_yaml_validation" name="test_scenario_has_valid_emission[family_birth]" time="0.007" /><testcase classname="phase2.tests.test_phase2_scenario_yaml_validation" name="test_scenario_has_valid_emission[divorce_custody]" time="0.007" /><testcase classname="phase2.tests.test_phase2_scenario_yaml_validation" name="test_scenario_has_valid_emission[roommates_split]" time="0.007" /><testcase classname="phase2.tests.test_phase2_scenario_yaml_validation" name="test_scenario_has_valid_emission[high_noise_identity_drift]" time="0.006" /><testcase classname="phase2.tests.test_phase2_scenario_yaml_validation" name="test_scenario_has_valid_emission[low_overlap_sparse_coverage]" time="0.005" /><testcase classname="phase2.tests.test_phase2_scenario_yaml_validation" name="test_scenario_has_valid_emission[asymmetric_source_coverage]" time="0.005" /><testcase classname="phase2.tests.test_phase2_scenario_yaml_validation" name="test_scenario_has_valid_emission[high_duplication_dedup]" time="0.006" /><testcase classname="phase2.tests.test_phase2_scenario_yaml_validation" name="test_scenario_has_valid_emission[three_source_partial_overlap]" time="0.006" /><testcase classname="phase2.tests.test_phase2_scenario_yaml_validation" name="test_scenario_has_valid_emission[name_change_lifecycle]" time="0.006" /><testcase classname="phase2.tests.test_phase2_scenario_yaml_validation" name="test_scenario_has_valid_emission[death_survivor_persistence]" time="0.006" /><testcase classname="phase2.tests.test_phase2_scenario_yaml_validation" name="test_scenario_has_valid_emission[adoption_blended_family]" time="0.006" /><testcase classname="phase2.tests.test_phase2_scenario_yaml_validation" name="test_pairwise_cardinality_record_targets_do_not_erase_forced_duplicates[single_movers]" time="0.006" /><testcase classname="phase2.tests.test_phase2_scenario_yaml_validation" name="test_pairwise_cardinality_record_targets_do_not_erase_forced_duplicates[clean_baseline_linkage]" time="0.006" /><testcase classname="phase2.tests.test_phase2_scenario_yaml_validation" name="test_pairwise_cardinality_record_targets_do_not_erase_forced_duplicates[couple_merge]" time="0.007" /><testcase classname="phase2.tests.test_phase2_scenario_yaml_validation" name="test_pairwise_cardinality_record_targets_do_not_erase_forced_duplicates[family_birth]" time="0.007" /><testcase classname="phase2.tests.test_phase2_scenario_yaml_validation" name="test_pairwise_cardinality_record_targets_do_not_erase_forced_duplicates[divorce_custody]" time="0.006" /><testcase classname="phase2.tests.test_phase2_scenario_yaml_validation" name="test_pairwise_cardinality_record_targets_do_not_erase_forced_duplicates[roommates_split]" time="0.007" /><testcase classname="phase2.tests.test_phase2_scenario_yaml_validation" name="test_pairwise_cardinality_record_targets_do_not_erase_forced_duplicates[high_noise_identity_drift]" time="0.007" /><testcase classname="phase2.tests.test_phase2_scenario_yaml_validation" name="test_pairwise_cardinality_record_targets_do_not_erase_forced_duplicates[low_overlap_sparse_coverage]" time="0.016" /><testcase classname="phase2.tests.test_phase2_scenario_yaml_validation" name="test_pairwise_cardinality_record_targets_do_not_erase_forced_duplicates[asymmetric_source_coverage]" time="0.007" /><testcase classname="phase2.tests.test_phase2_scenario_yaml_validation" name="test_pairwise_cardinality_record_targets_do_not_erase_forced_duplicates[high_duplication_dedup]" time="0.009" /><testcase classname="phase2.tests.test_phase2_scenario_yaml_validation" name="test_pairwise_cardinality_record_targets_do_not_erase_forced_duplicates[three_source_partial_overlap]" time="0.011" /><testcase classname="phase2.tests.test_phase2_scenario_yaml_validation" name="test_pairwise_cardinality_record_targets_do_not_erase_forced_duplicates[name_change_lifecycle]" time="0.008" /><testcase classname="phase2.tests.test_phase2_scenario_yaml_validation" name="test_pairwise_cardinality_record_targets_do_not_erase_forced_duplicates[death_survivor_persistence]" time="0.011" /><testcase classname="phase2.tests.test_phase2_scenario_yaml_validation" name="test_pairwise_cardinality_record_targets_do_not_erase_forced_duplicates[adoption_blended_family]" time="0.008" /><testcase classname="phase2.tests.test_phase2_scenario_yaml_validation" name="test_scenario_has_valid_selection[single_movers]" time="0.011" /><testcase classname="phase2.tests.test_phase2_scenario_yaml_validation" name="test_scenario_has_valid_selection[clean_baseline_linkage]" time="0.010" /><testcase classname="phase2.tests.test_phase2_scenario_yaml_validation" name="test_scenario_has_valid_selection[couple_merge]" time="0.013" /><testcase classname="phase2.tests.test_phase2_scenario_yaml_validation" name="test_scenario_has_valid_selection[family_birth]" time="0.008" /><testcase classname="phase2.tests.test_phase2_scenario_yaml_validation" name="test_scenario_has_valid_selection[divorce_custody]" time="0.008" /><testcase classname="phase2.tests.test_phase2_scenario_yaml_validation" name="test_scenario_has_valid_selection[roommates_split]" time="0.010" /><testcase classname="phase2.tests.test_phase2_scenario_yaml_validation" name="test_scenario_has_valid_selection[high_noise_identity_drift]" time="0.007" /><testcase classname="phase2.tests.test_phase2_scenario_yaml_validation" name="test_scenario_has_valid_selection[low_overlap_sparse_coverage]" time="0.006" /><testcase classname="phase2.tests.test_phase2_scenario_yaml_validation" name="test_scenario_has_valid_selection[asymmetric_source_coverage]" time="0.006" /><testcase classname="phase2.tests.test_phase2_scenario_yaml_validation" name="test_scenario_has_valid_selection[high_duplication_dedup]" time="0.006" /><testcase classname="phase2.tests.test_phase2_scenario_yaml_validation" name="test_scenario_has_valid_selection[three_source_partial_overlap]" time="0.006" /><testcase classname="phase2.tests.test_phase2_scenario_yaml_validation" name="test_scenario_has_valid_selection[name_change_lifecycle]" time="0.007" /><testcase classname="phase2.tests.test_phase2_scenario_yaml_validation" name="test_scenario_has_valid_selection[death_survivor_persistence]" time="0.006" /><testcase classname="phase2.tests.test_phase2_scenario_yaml_validation" name="test_scenario_has_valid_selection[adoption_blended_family]" time="0.006" /><testcase classname="phase2.tests.test_phase2_scenario_yaml_validation" name="test_scenario_has_valid_constraints[single_movers]" time="0.006" /><testcase classname="phase2.tests.test_phase2_scenario_yaml_validation" name="test_scenario_has_valid_constraints[clean_baseline_linkage]" time="0.006" /><testcase classname="phase2.tests.test_phase2_scenario_yaml_validation" name="test_scenario_has_valid_constraints[couple_merge]" time="0.006" /><testcase classname="phase2.tests.test_phase2_scenario_yaml_validation" name="test_scenario_has_valid_constraints[family_birth]" time="0.006" /><testcase classname="phase2.tests.test_phase2_scenario_yaml_validation" name="test_scenario_has_valid_constraints[divorce_custody]" time="0.006" /><testcase classname="phase2.tests.test_phase2_scenario_yaml_validation" name="test_scenario_has_valid_constraints[roommates_split]" time="0.006" /><testcase classname="phase2.tests.test_phase2_scenario_yaml_validation" name="test_scenario_has_valid_constraints[high_noise_identity_drift]" time="0.006" /><testcase classname="phase2.tests.test_phase2_scenario_yaml_validation" name="test_scenario_has_valid_constraints[low_overlap_sparse_coverage]" time="0.005" /><testcase classname="phase2.tests.test_phase2_scenario_yaml_validation" name="test_scenario_has_valid_constraints[asymmetric_source_coverage]" time="0.005" /><testcase classname="phase2.tests.test_phase2_scenario_yaml_validation" name="test_scenario_has_valid_constraints[high_duplication_dedup]" time="0.006" /><testcase classname="phase2.tests.test_phase2_scenario_yaml_validation" name="test_scenario_has_valid_constraints[three_source_partial_overlap]" time="0.006" /><testcase classname="phase2.tests.test_phase2_scenario_yaml_validation" name="test_scenario_has_valid_constraints[name_change_lifecycle]" time="0.006" /><testcase classname="phase2.tests.test_phase2_scenario_yaml_validation" name="test_scenario_has_valid_constraints[death_survivor_persistence]" time="0.006" /><testcase classname="phase2.tests.test_phase2_scenario_yaml_validation" name="test_scenario_has_valid_constraints[adoption_blended_family]" time="0.006" /><testcase classname="phase2.tests.test_phase2_scenario_yaml_validation" name="test_scenario_has_valid_quality[single_movers]" time="0.007" /><testcase classname="phase2.tests.test_phase2_scenario_yaml_validation" name="test_scenario_has_valid_quality[clean_baseline_linkage]" time="0.007" /><testcase classname="phase2.tests.test_phase2_scenario_yaml_validation" name="test_scenario_has_valid_quality[couple_merge]" time="0.007" /><testcase classname="phase2.tests.test_phase2_scenario_yaml_validation" name="test_scenario_has_valid_quality[family_birth]" time="0.007" /><testcase classname="phase2.tests.test_phase2_scenario_yaml_validation" name="test_scenario_has_valid_quality[divorce_custody]" time="0.006" /><testcase classname="phase2.tests.test_phase2_scenario_yaml_validation" name="test_scenario_has_valid_quality[roommates_split]" time="0.007" /><testcase classname="phase2.tests.test_phase2_scenario_yaml_validation" name="test_scenario_has_valid_quality[high_noise_identity_drift]" time="0.006" /><testcase classname="phase2.tests.test_phase2_scenario_yaml_validation" name="test_scenario_has_valid_quality[low_overlap_sparse_coverage]" time="0.004" /><testcase classname="phase2.tests.test_phase2_scenario_yaml_validation" name="test_scenario_has_valid_quality[asymmetric_source_coverage]" time="0.005" /><testcase classname="phase2.tests.test_phase2_scenario_yaml_validation" name="test_scenario_has_valid_quality[high_duplication_dedup]" time="0.005" /><testcase classname="phase2.tests.test_phase2_scenario_yaml_validation" name="test_scenario_has_valid_quality[three_source_partial_overlap]" time="0.007" /><testcase classname="phase2.tests.test_phase2_scenario_yaml_validation" name="test_scenario_has_valid_quality[name_change_lifecycle]" time="0.006" /><testcase classname="phase2.tests.test_phase2_scenario_yaml_validation" name="test_scenario_has_valid_quality[death_survivor_persistence]" time="0.007" /><testcase classname="phase2.tests.test_phase2_scenario_yaml_validation" name="test_scenario_has_valid_quality[adoption_blended_family]" time="0.006" /><testcase classname="phase2.tests.test_phase2_scenario_yaml_validation" name="test_scenario_has_required_seed[single_movers]" time="0.006" /><testcase classname="phase2.tests.test_phase2_scenario_yaml_validation" name="test_scenario_has_required_seed[clean_baseline_linkage]" time="0.006" /><testcase classname="phase2.tests.test_phase2_scenario_yaml_validation" name="test_scenario_has_required_seed[couple_merge]" time="0.006" /><testcase classname="phase2.tests.test_phase2_scenario_yaml_validation" name="test_scenario_has_required_seed[family_birth]" time="0.007" /><testcase classname="phase2.tests.test_phase2_scenario_yaml_validation" name="test_scenario_has_required_seed[divorce_custody]" time="0.007" /><testcase classname="phase2.tests.test_phase2_scenario_yaml_validation" name="test_scenario_has_required_seed[roommates_split]" time="0.006" /><testcase classname="phase2.tests.test_phase2_scenario_yaml_validation" name="test_scenario_has_required_seed[high_noise_identity_drift]" time="0.006" /><testcase classname="phase2.tests.test_phase2_scenario_yaml_validation" name="test_scenario_has_required_seed[low_overlap_sparse_coverage]" time="0.005" /><testcase classname="phase2.tests.test_phase2_scenario_yaml_validation" name="test_scenario_has_required_seed[asymmetric_source_coverage]" time="0.005" /><testcase classname="phase2.tests.test_phase2_scenario_yaml_validation" name="test_scenario_has_required_seed[high_duplication_dedup]" time="0.005" /><testcase classname="phase2.tests.test_phase2_scenario_yaml_validation" name="test_scenario_has_required_seed[three_source_partial_overlap]" time="0.006" /><testcase classname="phase2.tests.test_phase2_scenario_yaml_validation" name="test_scenario_has_required_seed[name_change_lifecycle]" time="0.006" /><testcase classname="phase2.tests.test_phase2_scenario_yaml_validation" name="test_scenario_has_required_seed[death_survivor_persistence]" time="0.006" /><testcase classname="phase2.tests.test_phase2_scenario_yaml_validation" name="test_scenario_has_required_seed[adoption_blended_family]" time="0.006" /><testcase classname="phase2.tests.test_phase2_scenario_yaml_validation" name="test_scenario_has_phase1_input_or_defaults[single_movers]" time="0.007" /><testcase classname="phase2.tests.test_phase2_scenario_yaml_validation" name="test_scenario_has_phase1_input_or_defaults[clean_baseline_linkage]" time="0.006" /><testcase classname="phase2.tests.test_phase2_scenario_yaml_validation" name="test_scenario_has_phase1_input_or_defaults[couple_merge]" time="0.006" /><testcase classname="phase2.tests.test_phase2_scenario_yaml_validation" name="test_scenario_has_phase1_input_or_defaults[family_birth]" time="0.006" /><testcase classname="phase2.tests.test_phase2_scenario_yaml_validation" name="test_scenario_has_phase1_input_or_defaults[divorce_custody]" time="0.006" /><testcase classname="phase2.tests.test_phase2_scenario_yaml_validation" name="test_scenario_has_phase1_input_or_defaults[roommates_split]" time="0.007" /><testcase classname="phase2.tests.test_phase2_scenario_yaml_validation" name="test_scenario_has_phase1_input_or_defaults[high_noise_identity_drift]" time="0.007" /><testcase classname="phase2.tests.test_phase2_scenario_yaml_validation" name="test_scenario_has_phase1_input_or_defaults[low_overlap_sparse_coverage]" time="0.005" /><testcase classname="phase2.tests.test_phase2_scenario_yaml_validation" name="test_scenario_has_phase1_input_or_defaults[asymmetric_source_coverage]" time="0.005" /><testcase classname="phase2.tests.test_phase2_scenario_yaml_validation" name="test_scenario_has_phase1_input_or_defaults[high_duplication_dedup]" time="0.006" /><testcase classname="phase2.tests.test_phase2_scenario_yaml_validation" name="test_scenario_has_phase1_input_or_defaults[three_source_partial_overlap]" time="0.006" /><testcase classname="phase2.tests.test_phase2_scenario_yaml_validation" name="test_scenario_has_phase1_input_or_defaults[name_change_lifecycle]" time="0.007" /><testcase classname="phase2.tests.test_phase2_scenario_yaml_validation" name="test_scenario_has_phase1_input_or_defaults[death_survivor_persistence]" time="0.006" /><testcase classname="phase2.tests.test_phase2_scenario_yaml_validation" name="test_scenario_has_phase1_input_or_defaults[adoption_blended_family]" time="0.008" /><testcase classname="phase2.tests.test_phase2_scenario_yaml_validation" name="test_catalog_lists_all_shipped_scenarios" time="0.024" /><testcase classname="phase2.tests.test_phase2_scenario_yaml_validation" name="test_no_orphan_yaml_files" time="0.001" /><testcase classname="phase2.tests.test_phase2_selection" name="test_build_phase1_entity_view_computes_redundancy_profile" time="0.012" /><testcase classname="phase2.tests.test_phase2_selection" name="test_selection_engine_is_deterministic_for_same_seed" time="0.044" /><testcase classname="phase2.tests.test_phase2_selection" name="test_selection_filters_support_primitives" time="0.026" /><testcase classname="phase2.tests.test_phase2_selection_extended" name="test_parse_selection_defaults" time="0.001" /><testcase classname="phase2.tests.test_phase2_selection_extended" name="test_parse_selection_count_mode" time="0.000" /><testcase classname="phase2.tests.test_phase2_selection_extended" name="test_parse_selection_all_mode" time="0.001" /><testcase classname="phase2.tests.test_phase2_selection_extended" name="test_parse_selection_rejects_invalid_mode" time="0.001" /><testcase classname="phase2.tests.test_phase2_selection_extended" name="test_parse_selection_rejects_negative_value" time="0.001" /><testcase classname="phase2.tests.test_phase2_selection_extended" name="test_parse_selection_rejects_pct_above_100" time="0.001" /><testcase classname="phase2.tests.test_phase2_selection_extended" name="test_parse_selection_rejects_invalid_redundancy_profile" time="0.001" /><testcase classname="phase2.tests.test_phase2_selection_extended" name="test_parse_selection_rejects_invalid_mobility_bucket" time="0.001" /><testcase classname="phase2.tests.test_phase2_selection_extended" name="test_thresholds_mobility_low_max_above_high_min_rejected" time="0.001" /><testcase classname="phase2.tests.test_phase2_selection_extended" name="test_thresholds_trait_low_max_above_high_min_rejected" time="0.001" /><testcase classname="phase2.tests.test_phase2_selection_extended" name="test_entity_view_deduplicates_persons" time="0.009" /><testcase classname="phase2.tests.test_phase2_selection_extended" name="test_entity_view_assigns_redundancy_profile" time="0.011" /><testcase classname="phase2.tests.test_phase2_selection_extended" name="test_entity_view_missing_column_raises" time="0.001" /><testcase classname="phase2.tests.test_phase2_selection_extended" name="test_assign_latent_traits_adds_columns" time="0.012" /><testcase classname="phase2.tests.test_phase2_selection_extended" name="test_latent_traits_are_deterministic" time="0.014" /><testcase classname="phase2.tests.test_phase2_selection_extended" name="test_filter_by_gender" time="0.012" /><testcase classname="phase2.tests.test_phase2_selection_extended" name="test_filter_by_age_bin" time="0.012" /><testcase classname="phase2.tests.test_phase2_selection_extended" name="test_filter_by_ethnicity" time="0.012" /><testcase classname="phase2.tests.test_phase2_selection_extended" name="test_filter_by_redundancy_profile" time="0.011" /><testcase classname="phase2.tests.test_phase2_selection_extended" name="test_filter_no_match_returns_empty" time="0.011" /><testcase classname="phase2.tests.test_phase2_selection_extended" name="test_select_count_mode" time="0.014" /><testcase classname="phase2.tests.test_phase2_selection_extended" name="test_select_pct_mode" time="0.015" /><testcase classname="phase2.tests.test_phase2_selection_extended" name="test_select_all_mode" time="0.014" /><testcase classname="phase2.tests.test_phase2_selection_extended" name="test_select_is_deterministic" time="0.030" /><testcase classname="phase2.tests.test_phase2_selection_extended" name="test_select_different_seeds_produce_different_results" time="0.029" /><testcase classname="phase2.tests.test_phase2_simulator" name="test_parse_simulation_config_uses_default_start_date" time="0.001" /><testcase classname="phase2.tests.test_phase2_simulator" name="test_truth_simulator_is_deterministic_and_consistent" time="0.077" /><testcase classname="phase2.tests.test_phase2_simulator" name="test_roommates_split_generates_group_households_and_leave_home_event_fields" time="0.030" /><testcase classname="phase2.tests.test_phase2_simulator_extended" name="test_parse_simulation_config_monthly" time="0.001" /><testcase classname="phase2.tests.test_phase2_simulator_extended" name="test_parse_simulation_config_with_start_date" time="0.001" /><testcase classname="phase2.tests.test_phase2_simulator_extended" name="test_high_move_rate_produces_moves" time="0.034" /><testcase classname="phase2.tests.test_phase2_simulator_extended" name="test_zero_move_rate_produces_no_moves" time="0.029" /><testcase classname="phase2.tests.test_phase2_simulator_extended" name="test_high_cohabit_rate_produces_cohabit_events" time="0.043" /><testcase classname="phase2.tests.test_phase2_simulator_extended" name="test_cohabit_creates_shared_household" time="0.032" /><testcase classname="phase2.tests.test_phase2_simulator_extended" name="test_high_birth_rate_produces_birth_events" time="0.034" /><testcase classname="phase2.tests.test_phase2_simulator_extended" name="test_birth_creates_new_person" time="0.034" /><testcase classname="phase2.tests.test_phase2_simulator_extended" name="test_high_death_rate_produces_death_event_and_closes_person_intervals" time="0.029" /><testcase classname="phase2.tests.test_phase2_simulator_extended" name="test_high_name_change_rate_produces_name_change_event_with_old_and_new_names" time="0.027" /><testcase classname="phase2.tests.test_phase2_simulator_extended" name="test_high_adoption_rate_moves_minor_to_adoptive_household" time="0.029" /><testcase classname="phase2.tests.test_phase2_simulator_extended" name="test_all_truth_tables_present" time="0.028" /><testcase classname="phase2.tests.test_phase2_simulator_extended" name="test_every_person_has_residence" time="0.027" /><testcase classname="phase2.tests.test_phase2_simulator_extended" name="test_every_person_has_membership" time="0.026" /><testcase classname="phase2.tests.test_phase2_simulator_extended" name="test_consistency_checks_pass" time="0.026" /><testcase classname="phase2.tests.test_phase2_simulator_extended" name="test_different_seeds_produce_different_results" time="0.052" /><testcase classname="phase2.tests.test_phase2_simulator_extended" name="test_single_person_simulation" time="0.024" /></testsuite></testsuites>